
----------- Протокол ------------ Дата: 14.12.2021 23:58:45 ------------ 


----- Параметры --------
-in: example1.txt
-out: example1.txt.asm
-log: example1.txt.log
---- Исходные данные ------
Количество символов:  61
Проигнорировано:   0
Количество строк:   7

------------------------------ ТАБЛИЦА ЛЕКСЕМ  ------------------------

|  № | ЛЕКСЕМА | СТРОКА | ИНДЕКС В ТИ |
|  0 |    m    |    1   |             |
|  1 |    {    |    2   |             |
|  2 |    n    |    3   |             |
|  3 |    t    |    3   |             |
|  4 |    i    |    3   |       0     |
|  5 |    =    |    3   |             |
|  6 |    l    |    3   |       1     |
|  7 |    ;    |    3   |             |
|  8 |    n    |    4   |             |
|  9 |    t    |    4   |             |
| 10 |    i    |    4   |       2     |
| 11 |    ;    |    4   |             |
| 12 |    i    |    5   |       2     |
| 13 |    =    |    5   |             |
| 14 |    ~    |    5   |             |
| 15 |    i    |    5   |       0     |
| 16 |    ;    |    5   |             |
| 17 |    o    |    6   |             |
| 18 |    i    |    6   |       2     |
| 19 |    ;    |    6   |             |
| 20 |    }    |    7   |             |
---------------------------- ТАБЛИЦА ИДЕНТИФИКАТОРОВ ------------------------

|  N  |СТРОКА В ТЛ| ТИП ИДЕНТИФИКАТОРА |        ИМЯ        | ЗНАЧЕНИЕ (ПАРАМЕТРЫ)
|   0 |      4    |  number   variable |             mainx |0
|   1 |      6    |  number    literal |             LTRL1 |16
|   2 |     10    |  number   variable |             mainz |0

-------------------------------------------------------------------------


-----------------  ЛЕКСЕМЫ СООТВЕТСТВУЮЩИЕ ИСХОДНОМУ КОДУ ---------------------

  1 | m
  2 | {
  3 | nti[0]=l[1];
  4 | nti[2];
  5 | i[2]=~i[0];
  6 | oi[2];
  7 | }
-------------------------------------------------------------------------

------------------------------ ТАБЛИЦА ЛЕКСЕМ  ------------------------

|  № | ЛЕКСЕМА | СТРОКА | ИНДЕКС В ТИ |
|  0 |    m    |    1   |             |
|  1 |    {    |    2   |             |
|  2 |    n    |    3   |             |
|  3 |    t    |    3   |             |
|  4 |    i    |    3   |       0     |
|  5 |    =    |    3   |             |
|  6 |    l    |    3   |       1     |
|  7 |    ;    |    3   |             |
|  8 |    n    |    4   |             |
|  9 |    t    |    4   |             |
| 10 |    i    |    4   |       2     |
| 11 |    ;    |    4   |             |
| 12 |    i    |    5   |       2     |
| 13 |    =    |    5   |             |
| 14 |    ~    |    5   |             |
| 15 |    i    |    5   |       0     |
| 16 |    ;    |    5   |             |
| 17 |    o    |    6   |             |
| 18 |    i    |    6   |       2     |
| 19 |    ;    |    6   |             |
| 20 |    }    |    7   |             |
---------------------------- ТАБЛИЦА ИДЕНТИФИКАТОРОВ ------------------------

|  N  |СТРОКА В ТЛ| ТИП ИДЕНТИФИКАТОРА |        ИМЯ        | ЗНАЧЕНИЕ (ПАРАМЕТРЫ)
|   0 |      4    |  number   variable |             mainx |0
|   1 |      6    |  number    literal |             LTRL1 |16
|   2 |     10    |  number   variable |             mainz |0

-------------------------------------------------------------------------


-----------------  ЛЕКСЕМЫ СООТВЕТСТВУЮЩИЕ ИСХОДНОМУ КОДУ ---------------------

  1 | m
  2 | {
  3 | nti[0]=l[1];
  4 | nti[2];
  5 | i[2]=~i[0];
  6 | oi[2];
  7 | }
-------------------------------------------------------------------------

Шаг :Правило             Входная лента                 Стек                
0   :S->m{K}             m{nti=l;nti;i=~i;oi;}         S$                  
1   : SAVESTATE:          1
1   :                    m{nti=l;nti;i=~i;oi;}         m{K}$               
2   :                    {nti=l;nti;i=~i;oi;}          {K}$                
3   :                    nti=l;nti;i=~i;oi;}           K}$                 
4   :K->nti=V;K          nti=l;nti;i=~i;oi;}           K}$                 
5   : SAVESTATE:          2
5   :                    nti=l;nti;i=~i;oi;}           nti=V;K}$           
6   :                    ti=l;nti;i=~i;oi;}            ti=V;K}$            
7   :                    i=l;nti;i=~i;oi;}             i=V;K}$             
8   :                    =l;nti;i=~i;oi;}              =V;K}$              
9   :                    l;nti;i=~i;oi;}               V;K}$               
10  :V->l                l;nti;i=~i;oi;}               V;K}$               
11  : SAVESTATE:          3
11  :                    l;nti;i=~i;oi;}               l;K}$               
12  :                    ;nti;i=~i;oi;}                ;K}$                
13  :                    nti;i=~i;oi;}                 K}$                 
14  :K->nti=V;K          nti;i=~i;oi;}                 K}$                 
15  : SAVESTATE:          4
15  :                    nti;i=~i;oi;}                 nti=V;K}$           
16  :                    ti;i=~i;oi;}                  ti=V;K}$            
17  :                    i;i=~i;oi;}                   i=V;K}$             
18  :                    ;i=~i;oi;}                    =V;K}$              
19  : TS_NOK/NS_NORULECHАIN
19  : RESSTATE            
19  :                    nti;i=~i;oi;}                 K}$                 
20  :K->nti;K            nti;i=~i;oi;}                 K}$                 
21  : SAVESTATE:          4
21  :                    nti;i=~i;oi;}                 nti;K}$             
22  :                    ti;i=~i;oi;}                  ti;K}$              
23  :                    i;i=~i;oi;}                   i;K}$               
24  :                    ;i=~i;oi;}                    ;K}$                
25  :                    i=~i;oi;}                     K}$                 
26  :K->i=W;K            i=~i;oi;}                     K}$                 
27  : SAVESTATE:          5
27  :                    i=~i;oi;}                     i=W;K}$             
28  :                    =~i;oi;}                      =W;K}$              
29  :                    ~i;oi;}                       W;K}$               
30  : TNS_NORULECHAIN/NS_NORULE
30  : RESSTATE            
30  :                    i=~i;oi;}                     K}$                 
31  :K->iF;K             i=~i;oi;}                     K}$                 
32  : SAVESTATE:          5
32  :                    i=~i;oi;}                     iF;K}$              
33  :                    =~i;oi;}                      F;K}$               
34  : TNS_NORULECHAIN/NS_NORULE
34  : RESSTATE            
34  :                    i=~i;oi;}                     K}$                 
35  :K->i=W;             i=~i;oi;}                     K}$                 
36  : SAVESTATE:          5
36  :                    i=~i;oi;}                     i=W;}$              
37  :                    =~i;oi;}                      =W;}$               
38  :                    ~i;oi;}                       W;}$                
39  : TNS_NORULECHAIN/NS_NORULE
39  : RESSTATE            
39  :                    i=~i;oi;}                     K}$                 
40  :K->iF;              i=~i;oi;}                     K}$                 
41  : SAVESTATE:          5
41  :                    i=~i;oi;}                     iF;}$               
42  :                    =~i;oi;}                      F;}$                
43  : TNS_NORULECHAIN/NS_NORULE
43  : RESSTATE            
43  :                    i=~i;oi;}                     K}$                 
44  : TNS_NORULECHAIN/NS_NORULE
44  : RESSTATE            
44  :                    nti;i=~i;oi;}                 K}$                 
45  :K->nti=V;           nti;i=~i;oi;}                 K}$                 
46  : SAVESTATE:          4
46  :                    nti;i=~i;oi;}                 nti=V;}$            
47  :                    ti;i=~i;oi;}                  ti=V;}$             
48  :                    i;i=~i;oi;}                   i=V;}$              
49  :                    ;i=~i;oi;}                    =V;}$               
50  : TS_NOK/NS_NORULECHАIN
50  : RESSTATE            
50  :                    nti;i=~i;oi;}                 K}$                 
51  :K->nti;             nti;i=~i;oi;}                 K}$                 
52  : SAVESTATE:          4
52  :                    nti;i=~i;oi;}                 nti;}$              
53  :                    ti;i=~i;oi;}                  ti;}$               
54  :                    i;i=~i;oi;}                   i;}$                
55  :                    ;i=~i;oi;}                    ;}$                 
56  :                    i=~i;oi;}                     }$                  
57  : TS_NOK/NS_NORULECHАIN
57  : RESSTATE            
57  :                    nti;i=~i;oi;}                 K}$                 
58  : TNS_NORULECHAIN/NS_NORULE
58  : RESSTATE            
58  :                    l;nti;i=~i;oi;}               V;K}$               
59  : TNS_NORULECHAIN/NS_NORULE
59  : RESSTATE            
59  :                    nti=l;nti;i=~i;oi;}           K}$                 
60  :K->nti;K            nti=l;nti;i=~i;oi;}           K}$                 
61  : SAVESTATE:          2
61  :                    nti=l;nti;i=~i;oi;}           nti;K}$             
62  :                    ti=l;nti;i=~i;oi;}            ti;K}$              
63  :                    i=l;nti;i=~i;oi;}             i;K}$               
64  :                    =l;nti;i=~i;oi;}              ;K}$                
65  : TS_NOK/NS_NORULECHАIN
65  : RESSTATE            
65  :                    nti=l;nti;i=~i;oi;}           K}$                 
66  :K->nti=V;           nti=l;nti;i=~i;oi;}           K}$                 
67  : SAVESTATE:          2
67  :                    nti=l;nti;i=~i;oi;}           nti=V;}$            
68  :                    ti=l;nti;i=~i;oi;}            ti=V;}$             
69  :                    i=l;nti;i=~i;oi;}             i=V;}$              
70  :                    =l;nti;i=~i;oi;}              =V;}$               
71  :                    l;nti;i=~i;oi;}               V;}$                
72  :V->l                l;nti;i=~i;oi;}               V;}$                
73  : SAVESTATE:          3
73  :                    l;nti;i=~i;oi;}               l;}$                
74  :                    ;nti;i=~i;oi;}                ;}$                 
75  :                    nti;i=~i;oi;}                 }$                  
76  : TS_NOK/NS_NORULECHАIN
76  : RESSTATE            
76  :                    l;nti;i=~i;oi;}               V;}$                
77  : TNS_NORULECHAIN/NS_NORULE
77  : RESSTATE            
77  :                    nti=l;nti;i=~i;oi;}           K}$                 
78  :K->nti;             nti=l;nti;i=~i;oi;}           K}$                 
79  : SAVESTATE:          2
79  :                    nti=l;nti;i=~i;oi;}           nti;}$              
80  :                    ti=l;nti;i=~i;oi;}            ti;}$               
81  :                    i=l;nti;i=~i;oi;}             i;}$                
82  :                    =l;nti;i=~i;oi;}              ;}$                 
83  : TS_NOK/NS_NORULECHАIN
83  : RESSTATE            
83  :                    nti=l;nti;i=~i;oi;}           K}$                 
84  : TNS_NORULECHAIN/NS_NORULE
84  : RESSTATE            
84  :                    m{nti=l;nti;i=~i;oi;}         S$                  
85  : TNS_NORULECHAIN/NS_NORULE
86  : ------>NS_NORULE    
-------------------------------------------------------------------------------------
Ошибка 613: строка 5, Синтаксическая ошибка: Ошибка в арифметическом выражении
Ошибка 613: строка 5, Синтаксическая ошибка: Ошибка в арифметическом выражении
Ошибка 605: строка 5, Синтаксическая ошибка: Ошибка в вызове функции/выражении
Синтаксический анализ завершен с ошибками
